0 info it worked if it ends with ok
1 verbose cli [ '/Users/giginet/.nodebrew/node/v0.10.28/bin/node',
1 verbose cli   '/Users/giginet/.nodebrew/current/bin/npm',
1 verbose cli   'run',
1 verbose cli   'build' ]
2 info using npm@1.4.9
3 info using node@v0.10.28
4 error Error: ENOENT, open '/Users/giginet/Desktop/Kawaz3rd/package.json'
5 error If you need help, you may report this *entire* log,
5 error including the npm and node versions, at:
5 error     <http://github.com/npm/npm/issues>
6 error System Darwin 13.3.0
7 error command "/Users/giginet/.nodebrew/node/v0.10.28/bin/node" "/Users/giginet/.nodebrew/current/bin/npm" "run" "build"
8 error cwd /Users/giginet/Desktop/Kawaz3rd
9 error node -v v0.10.28
10 error npm -v 1.4.9
11 error path /Users/giginet/Desktop/Kawaz3rd/package.json
12 error code ENOENT
13 error errno 34
14 verbose exit [ 34, true ]
